2022-01-06 15:56:41.079 [restartedMain][INFO ][org.springframework.boot.StartupInfoLogger.logStarting(StartupInfoLogger.java:50)]:Starting CaseServerApplication on catty-2.local with PID 27877 (/Users/catty/Documents/Workspace/IDEAWorkspace/AgileTC/case-server/target/classes started by fordeal in /Users/catty/Documents/Workspace/IDEAWorkspace/AgileTC)
2022-01-06 15:56:41.087 [restartedMain][INFO ][org.springframework.boot.SpringApplication.logStartupProfileInfo(SpringApplication.java:652)]:The following profiles are active: dev
2022-01-06 15:56:41.149 [restartedMain][INFO ][org.springframework.boot.logging.DeferredLog.logTo(DeferredLog.java:225)]:For additional web related logging consider setting the 'logging.level.web' property to 'DEBUG'
2022-01-06 15:56:43.591 [restartedMain][INFO ][org.springframework.context.support.PostProcessorRegistrationDelegate$BeanPostProcessorChecker.postProcessAfterInitialization(PostProcessorRegistrationDelegate.java:330)]:Bean 'org.springframework.ws.config.annotation.DelegatingWsConfiguration' of type [org.springframework.ws.config.annotation.DelegatingWsConfiguration$$EnhancerBySpringCGLIB$$872ff58d] is not eligible for getting processed by all BeanPostProcessors (for example: not eligible for auto-proxying)
2022-01-06 15:56:43.661 [restartedMain][INFO ][org.springframework.ws.soap.addressing.server.AbstractAddressingEndpointMapping.afterPropertiesSet(AbstractAddressingEndpointMapping.java:236)]:Supporting [WS-Addressing August 2004, WS-Addressing 1.0]
2022-01-06 15:56:43.688 [restartedMain][INFO ][org.springframework.context.support.PostProcessorRegistrationDelegate$BeanPostProcessorChecker.postProcessAfterInitialization(PostProcessorRegistrationDelegate.java:330)]:Bean 'org.springframework.transaction.annotation.ProxyTransactionManagementConfiguration' of type [org.springframework.transaction.annotation.ProxyTransactionManagementConfiguration$$EnhancerBySpringCGLIB$$e298308e] is not eligible for getting processed by all BeanPostProcessors (for example: not eligible for auto-proxying)
2022-01-06 15:56:44.038 [restartedMain][INFO ][com.alibaba.druid.spring.boot.autoconfigure.DruidDataSourceAutoConfigure.dataSource(DruidDataSourceAutoConfigure.java:56)]:Init DruidDataSource
2022-01-06 15:56:44.974 [restartedMain][INFO ][com.alibaba.druid.pool.DruidDataSource.init(DruidDataSource.java:1002)]:{dataSource-1} inited
2022-01-06 15:56:46.043 [restartedMain][INFO ][org.springframework.boot.web.embedded.tomcat.TomcatWebServer.initialize(TomcatWebServer.java:90)]:Tomcat initialized with port(s): 8443 (http) 8094 (http)
2022-01-06 15:56:46.072 [restartedMain][INFO ][org.apache.juli.logging.DirectJDKLog.log(DirectJDKLog.java:173)]:Initializing ProtocolHandler ["http-nio-8443"]
2022-01-06 15:56:46.104 [restartedMain][INFO ][org.apache.juli.logging.DirectJDKLog.log(DirectJDKLog.java:173)]:Initializing ProtocolHandler ["http-nio-8094"]
2022-01-06 15:56:46.158 [restartedMain][INFO ][org.apache.juli.logging.DirectJDKLog.log(DirectJDKLog.java:173)]:Starting service [Tomcat]
2022-01-06 15:56:46.160 [restartedMain][INFO ][org.apache.juli.logging.DirectJDKLog.log(DirectJDKLog.java:173)]:Starting Servlet engine: [Apache Tomcat/9.0.24]
2022-01-06 15:56:46.417 [restartedMain][INFO ][org.apache.juli.logging.DirectJDKLog.log(DirectJDKLog.java:173)]:Initializing Spring embedded WebApplicationContext
2022-01-06 15:56:46.417 [restartedMain][INFO ][org.springframework.boot.web.servlet.context.ServletWebServerApplicationContext.prepareWebApplicationContext(ServletWebServerApplicationContext.java:284)]:Root WebApplicationContext: initialization completed in 5268 ms
2022-01-06 15:56:46.566 [restartedMain][INFO ][com.xiaoju.framework.listener.IocCloseListener.contextInitialized(IocCloseListener.java:28)]:[监听器注册成功..]com.xiaoju.framework.listener.IocCloseListener
2022-01-06 15:56:47.452 [restartedMain][INFO ][springfox.documentation.spring.web.PropertySourcedRequestMappingHandlerMapping.initHandlerMethods(PropertySourcedRequestMappingHandlerMapping.java:69)]:Mapped URL path [/v2/api-docs] onto method [public org.springframework.http.ResponseEntity<springfox.documentation.spring.web.json.Json> springfox.documentation.swagger2.web.Swagger2Controller.getDocumentation(java.lang.String,javax.servlet.http.HttpServletRequest)]
2022-01-06 15:56:47.648 [restartedMain][INFO ][org.springframework.scheduling.concurrent.ExecutorConfigurationSupport.initialize(ExecutorConfigurationSupport.java:171)]:Initializing ExecutorService 'applicationTaskExecutor'
2022-01-06 15:56:47.696 [restartedMain][INFO ][org.springframework.boot.devtools.autoconfigure.OptionalLiveReloadServer.startServer(OptionalLiveReloadServer.java:57)]:LiveReload server is running on port 35729
2022-01-06 15:56:47.754 [restartedMain][INFO ][org.springframework.boot.autoconfigure.web.servlet.WelcomePageHandlerMapping.<init>(WelcomePageHandlerMapping.java:54)]:Adding welcome page: class path resource [web/dist/index.html]
2022-01-06 15:56:47.843 [restartedMain][WARN ][org.thymeleaf.templatemode.TemplateMode.parse(TemplateMode.java:150)]:[THYMELEAF][restartedMain] Template Mode 'LEGACYHTML5' is deprecated. Using Template Mode 'HTML' instead.
2022-01-06 15:56:48.457 [restartedMain][INFO ][springfox.documentation.spring.web.plugins.DocumentationPluginsBootstrapper.start(DocumentationPluginsBootstrapper.java:160)]:Context refreshed
2022-01-06 15:56:48.672 [restartedMain][INFO ][springfox.documentation.spring.web.plugins.DocumentationPluginsBootstrapper.start(DocumentationPluginsBootstrapper.java:163)]:Found 1 custom documentation plugin(s)
2022-01-06 15:56:48.737 [restartedMain][INFO ][springfox.documentation.spring.web.scanners.ApiListingReferenceScanner.scan(ApiListingReferenceScanner.java:41)]:Scanning for api listing references
2022-01-06 15:56:50.231 [restartedMain][INFO ][springfox.documentation.spring.web.readers.operation.CachingOperationNameGenerator.startingWith(CachingOperationNameGenerator.java:40)]:Generating unique operation named: loginUsingPOST_1
2022-01-06 15:56:50.617 [restartedMain][INFO ][org.apache.juli.logging.DirectJDKLog.log(DirectJDKLog.java:173)]:Starting ProtocolHandler ["http-nio-8443"]
2022-01-06 15:56:50.633 [restartedMain][INFO ][org.apache.juli.logging.DirectJDKLog.log(DirectJDKLog.java:173)]:Starting ProtocolHandler ["http-nio-8094"]
2022-01-06 15:56:50.642 [restartedMain][INFO ][org.springframework.boot.web.embedded.tomcat.TomcatWebServer.start(TomcatWebServer.java:202)]:Tomcat started on port(s): 8443 (http) 8094 (http) with context path ''
2022-01-06 15:56:50.650 [restartedMain][INFO ][org.springframework.boot.StartupInfoLogger.logStarted(StartupInfoLogger.java:59)]:Started CaseServerApplication in 35.28 seconds (JVM running for 47.439)
2022-01-06 16:04:45.111 [http-nio-8094-exec-1][INFO ][org.apache.juli.logging.DirectJDKLog.log(DirectJDKLog.java:173)]:Initializing Spring DispatcherServlet 'dispatcherServlet'
2022-01-06 16:04:45.111 [http-nio-8094-exec-1][INFO ][org.springframework.web.servlet.FrameworkServlet.initServletBean(FrameworkServlet.java:524)]:Initializing Servlet 'dispatcherServlet'
2022-01-06 16:04:45.230 [http-nio-8094-exec-1][INFO ][org.springframework.web.servlet.FrameworkServlet.initServletBean(FrameworkServlet.java:546)]:Completed initialization in 119 ms
2022-01-06 16:05:08.924 [http-nio-8094-exec-6][INFO ][com.xiaoju.framework.handler.WebSocket.onOpen(WebSocket.java:120)]:http-nio-8094-exec-6: [websocket-onOpen 开启新的session][[Websocket Info][测试用例]caseId=2207, sessionId=0, recordId=undefined, isCoreCase=0]
2022-01-06 16:05:08.933 [http-nio-8094-exec-6][INFO ][com.xiaoju.framework.handler.WebSocket.getRoom(WebSocket.java:94)]:http-nio-8094-exec-6: 新建Room成功，caseid=2207, record id: 0
2022-01-06 16:05:08.933 [http-nio-8094-exec-6][INFO ][com.xiaoju.framework.handler.Room.createAndAddPlayer(Room.java:130)]:http-nio-8094-exec-6: 有新的用户加入。session id: 0
2022-01-06 16:05:08.935 [http-nio-8094-exec-6][INFO ][com.xiaoju.framework.handler.Client.sendMessage(Client.java:56)]:http-nio-8094-exec-6: 准备向 muxue 发送消息
2022-01-06 16:05:08.951 [http-nio-8094-exec-6][INFO ][com.xiaoju.framework.handler.Client.sendMessage(Client.java:56)]:http-nio-8094-exec-6: 准备向 muxue 发送消息
2022-01-06 16:05:08.951 [http-nio-8094-exec-6][WARN ][com.xiaoju.framework.handler.Client.sendMessage(Client.java:66)]:http-nio-8094-exec-6: 消息正在发送中，先缓存住. 
2022-01-06 16:05:08.952 [http-nio-8094-exec-6][INFO ][com.xiaoju.framework.handler.CaseRoom.createAndAddPlayer(CaseRoom.java:30)]:http-nio-8094-exec-6: 新的用户加入成功
2022-01-06 16:05:08.952 [http-nio-8094-exec-6][INFO ][com.xiaoju.framework.handler.WebSocket$1.run(WebSocket.java:135)]:http-nio-8094-exec-6: player muxue 加入: com.xiaoju.framework.handler.Room$Player@6a5082e6
2022-01-06 16:37:12.711 [Thread-11][INFO ][org.springframework.scheduling.concurrent.ExecutorConfigurationSupport.shutdown(ExecutorConfigurationSupport.java:208)]:Shutting down ExecutorService 'applicationTaskExecutor'
2022-01-06 16:37:12.716 [Thread-11][INFO ][com.alibaba.druid.pool.DruidDataSource.close(DruidDataSource.java:1885)]:{dataSource-1} closing ...
2022-01-06 16:37:12.730 [Thread-11][INFO ][com.alibaba.druid.pool.DruidDataSource.close(DruidDataSource.java:1955)]:{dataSource-1} closed
2022-01-06 16:37:12.750 [Thread-11][INFO ][com.xiaoju.framework.listener.IocCloseListener.contextDestroyed(IocCloseListener.java:33)]:[监听到容器关闭..]com.xiaoju.framework.listener.IocCloseListener
2022-01-06 16:37:12.752 [Thread-11][INFO ][com.xiaoju.framework.handler.Room$Player.removeFromRoom(Room.java:509)]:当前离开用户 muxue 的使用时长是：1923818
2022-01-06 16:37:12.752 [Thread-11][INFO ][com.xiaoju.framework.handler.Room.internalRemovePlayer(Room.java:165)]:Thread-11: 有用户 muxue 离开 session id:0
2022-01-06 16:37:12.752 [Thread-11][INFO ][com.xiaoju.framework.handler.CaseRoom.internalRemovePlayer(CaseRoom.java:72)]:Thread-11: [websocket-onClose 关闭当前Room成功]当前sessionid:0
2022-01-06 16:37:12.753 [Thread-11][INFO ][com.xiaoju.framework.handler.CaseRoom.internalRemovePlayer(CaseRoom.java:75)]:Thread-11: 最后一名用户离开，关闭。
2022-01-06 16:37:12.753 [Thread-11][INFO ][com.xiaoju.framework.handler.CaseRoom.internalRemovePlayer(CaseRoom.java:86)]:Thread-11: 用例保存完成。
2022-01-06 16:38:02.173 [restartedMain][INFO ][org.springframework.boot.StartupInfoLogger.logStarting(StartupInfoLogger.java:50)]:Starting CaseServerApplication on catty-2.local with PID 28521 (/Users/catty/Documents/Workspace/IDEAWorkspace/AgileTC/case-server/target/classes started by fordeal in /Users/catty/Documents/Workspace/IDEAWorkspace/AgileTC)
2022-01-06 16:38:02.180 [restartedMain][INFO ][org.springframework.boot.SpringApplication.logStartupProfileInfo(SpringApplication.java:652)]:The following profiles are active: dev
2022-01-06 16:38:02.236 [restartedMain][INFO ][org.springframework.boot.logging.DeferredLog.logTo(DeferredLog.java:225)]:For additional web related logging consider setting the 'logging.level.web' property to 'DEBUG'
2022-01-06 16:38:04.828 [restartedMain][INFO ][org.springframework.context.support.PostProcessorRegistrationDelegate$BeanPostProcessorChecker.postProcessAfterInitialization(PostProcessorRegistrationDelegate.java:330)]:Bean 'org.springframework.ws.config.annotation.DelegatingWsConfiguration' of type [org.springframework.ws.config.annotation.DelegatingWsConfiguration$$EnhancerBySpringCGLIB$$fd319acf] is not eligible for getting processed by all BeanPostProcessors (for example: not eligible for auto-proxying)
2022-01-06 16:38:04.872 [restartedMain][INFO ][org.springframework.ws.soap.addressing.server.AbstractAddressingEndpointMapping.afterPropertiesSet(AbstractAddressingEndpointMapping.java:236)]:Supporting [WS-Addressing August 2004, WS-Addressing 1.0]
2022-01-06 16:38:04.894 [restartedMain][INFO ][org.springframework.context.support.PostProcessorRegistrationDelegate$BeanPostProcessorChecker.postProcessAfterInitialization(PostProcessorRegistrationDelegate.java:330)]:Bean 'org.springframework.transaction.annotation.ProxyTransactionManagementConfiguration' of type [org.springframework.transaction.annotation.ProxyTransactionManagementConfiguration$$EnhancerBySpringCGLIB$$5899d5d0] is not eligible for getting processed by all BeanPostProcessors (for example: not eligible for auto-proxying)
2022-01-06 16:38:05.050 [restartedMain][INFO ][com.alibaba.druid.spring.boot.autoconfigure.DruidDataSourceAutoConfigure.dataSource(DruidDataSourceAutoConfigure.java:56)]:Init DruidDataSource
2022-01-06 16:38:05.552 [restartedMain][INFO ][com.alibaba.druid.pool.DruidDataSource.init(DruidDataSource.java:1002)]:{dataSource-1} inited
2022-01-06 16:38:06.404 [restartedMain][INFO ][org.springframework.boot.web.embedded.tomcat.TomcatWebServer.initialize(TomcatWebServer.java:90)]:Tomcat initialized with port(s): 8443 (http) 8094 (http)
2022-01-06 16:38:06.426 [restartedMain][INFO ][org.apache.juli.logging.DirectJDKLog.log(DirectJDKLog.java:173)]:Initializing ProtocolHandler ["http-nio-8443"]
2022-01-06 16:38:06.437 [restartedMain][INFO ][org.apache.juli.logging.DirectJDKLog.log(DirectJDKLog.java:173)]:Initializing ProtocolHandler ["http-nio-8094"]
2022-01-06 16:38:06.467 [restartedMain][INFO ][org.apache.juli.logging.DirectJDKLog.log(DirectJDKLog.java:173)]:Starting service [Tomcat]
2022-01-06 16:38:06.468 [restartedMain][INFO ][org.apache.juli.logging.DirectJDKLog.log(DirectJDKLog.java:173)]:Starting Servlet engine: [Apache Tomcat/9.0.24]
2022-01-06 16:38:06.639 [restartedMain][INFO ][org.apache.juli.logging.DirectJDKLog.log(DirectJDKLog.java:173)]:Initializing Spring embedded WebApplicationContext
2022-01-06 16:38:06.640 [restartedMain][INFO ][org.springframework.boot.web.servlet.context.ServletWebServerApplicationContext.prepareWebApplicationContext(ServletWebServerApplicationContext.java:284)]:Root WebApplicationContext: initialization completed in 4403 ms
2022-01-06 16:38:06.790 [restartedMain][INFO ][com.xiaoju.framework.listener.IocCloseListener.contextInitialized(IocCloseListener.java:28)]:[监听器注册成功..]com.xiaoju.framework.listener.IocCloseListener
2022-01-06 16:38:07.415 [restartedMain][INFO ][springfox.documentation.spring.web.PropertySourcedRequestMappingHandlerMapping.initHandlerMethods(PropertySourcedRequestMappingHandlerMapping.java:69)]:Mapped URL path [/v2/api-docs] onto method [public org.springframework.http.ResponseEntity<springfox.documentation.spring.web.json.Json> springfox.documentation.swagger2.web.Swagger2Controller.getDocumentation(java.lang.String,javax.servlet.http.HttpServletRequest)]
2022-01-06 16:38:07.575 [restartedMain][INFO ][org.springframework.scheduling.concurrent.ExecutorConfigurationSupport.initialize(ExecutorConfigurationSupport.java:171)]:Initializing ExecutorService 'applicationTaskExecutor'
2022-01-06 16:38:07.608 [restartedMain][INFO ][org.springframework.boot.devtools.autoconfigure.OptionalLiveReloadServer.startServer(OptionalLiveReloadServer.java:57)]:LiveReload server is running on port 35729
2022-01-06 16:38:07.666 [restartedMain][INFO ][org.springframework.boot.autoconfigure.web.servlet.WelcomePageHandlerMapping.<init>(WelcomePageHandlerMapping.java:54)]:Adding welcome page: class path resource [web/dist/index.html]
2022-01-06 16:38:07.735 [restartedMain][WARN ][org.thymeleaf.templatemode.TemplateMode.parse(TemplateMode.java:150)]:[THYMELEAF][restartedMain] Template Mode 'LEGACYHTML5' is deprecated. Using Template Mode 'HTML' instead.
2022-01-06 16:38:08.030 [restartedMain][INFO ][springfox.documentation.spring.web.plugins.DocumentationPluginsBootstrapper.start(DocumentationPluginsBootstrapper.java:160)]:Context refreshed
2022-01-06 16:38:08.061 [restartedMain][INFO ][springfox.documentation.spring.web.plugins.DocumentationPluginsBootstrapper.start(DocumentationPluginsBootstrapper.java:163)]:Found 1 custom documentation plugin(s)
2022-01-06 16:38:08.105 [restartedMain][INFO ][springfox.documentation.spring.web.scanners.ApiListingReferenceScanner.scan(ApiListingReferenceScanner.java:41)]:Scanning for api listing references
2022-01-06 16:38:09.069 [restartedMain][INFO ][springfox.documentation.spring.web.readers.operation.CachingOperationNameGenerator.startingWith(CachingOperationNameGenerator.java:40)]:Generating unique operation named: loginUsingPOST_1
2022-01-06 16:38:09.143 [restartedMain][INFO ][org.apache.juli.logging.DirectJDKLog.log(DirectJDKLog.java:173)]:Starting ProtocolHandler ["http-nio-8443"]
2022-01-06 16:38:09.164 [restartedMain][INFO ][org.apache.juli.logging.DirectJDKLog.log(DirectJDKLog.java:173)]:Starting ProtocolHandler ["http-nio-8094"]
2022-01-06 16:38:09.177 [restartedMain][INFO ][org.springframework.boot.web.embedded.tomcat.TomcatWebServer.start(TomcatWebServer.java:202)]:Tomcat started on port(s): 8443 (http) 8094 (http) with context path ''
2022-01-06 16:38:09.184 [restartedMain][INFO ][org.springframework.boot.StartupInfoLogger.logStarted(StartupInfoLogger.java:59)]:Started CaseServerApplication in 32.4 seconds (JVM running for 44.826)
2022-01-06 16:38:45.929 [http-nio-8094-exec-1][INFO ][org.apache.juli.logging.DirectJDKLog.log(DirectJDKLog.java:173)]:Initializing Spring DispatcherServlet 'dispatcherServlet'
2022-01-06 16:38:45.929 [http-nio-8094-exec-1][INFO ][org.springframework.web.servlet.FrameworkServlet.initServletBean(FrameworkServlet.java:524)]:Initializing Servlet 'dispatcherServlet'
2022-01-06 16:38:45.946 [http-nio-8094-exec-1][INFO ][org.springframework.web.servlet.FrameworkServlet.initServletBean(FrameworkServlet.java:546)]:Completed initialization in 17 ms
2022-01-06 16:38:47.035 [http-nio-8094-exec-2][INFO ][com.xiaoju.framework.handler.WebSocket.onOpen(WebSocket.java:120)]:http-nio-8094-exec-2: [websocket-onOpen 开启新的session][[Websocket Info][测试用例]caseId=2207, sessionId=0, recordId=undefined, isCoreCase=0]
2022-01-06 16:38:47.233 [http-nio-8094-exec-2][INFO ][com.xiaoju.framework.handler.WebSocket.getRoom(WebSocket.java:94)]:http-nio-8094-exec-2: 新建Room成功，caseid=2207, record id: 0
2022-01-06 16:38:47.233 [http-nio-8094-exec-2][INFO ][com.xiaoju.framework.handler.Room.createAndAddPlayer(Room.java:130)]:http-nio-8094-exec-2: 有新的用户加入。session id: 0
2022-01-06 16:38:47.234 [http-nio-8094-exec-2][INFO ][com.xiaoju.framework.handler.Client.sendMessage(Client.java:56)]:http-nio-8094-exec-2: 准备向 muxue 发送消息
2022-01-06 16:38:47.242 [http-nio-8094-exec-2][INFO ][com.xiaoju.framework.handler.Client.sendMessage(Client.java:56)]:http-nio-8094-exec-2: 准备向 muxue 发送消息
2022-01-06 16:38:47.249 [http-nio-8094-exec-2][INFO ][com.xiaoju.framework.handler.CaseRoom.createAndAddPlayer(CaseRoom.java:30)]:http-nio-8094-exec-2: 新的用户加入成功
2022-01-06 16:38:47.250 [http-nio-8094-exec-2][INFO ][com.xiaoju.framework.handler.WebSocket$1.run(WebSocket.java:135)]:http-nio-8094-exec-2: player muxue 加入: com.xiaoju.framework.handler.Room$Player@52dedcc1
2022-01-06 16:38:52.029 [http-nio-8094-exec-8][INFO ][com.xiaoju.framework.handler.Room$Player.removeFromRoom(Room.java:509)]:当前离开用户 muxue 的使用时长是：4794
2022-01-06 16:38:52.029 [http-nio-8094-exec-8][INFO ][com.xiaoju.framework.handler.Room.internalRemovePlayer(Room.java:165)]:http-nio-8094-exec-8: 有用户 muxue 离开 session id:0
2022-01-06 16:38:52.029 [http-nio-8094-exec-8][INFO ][com.xiaoju.framework.handler.CaseRoom.internalRemovePlayer(CaseRoom.java:72)]:http-nio-8094-exec-8: [websocket-onClose 关闭当前Room成功]当前sessionid:0
2022-01-06 16:38:52.029 [http-nio-8094-exec-8][INFO ][com.xiaoju.framework.handler.CaseRoom.internalRemovePlayer(CaseRoom.java:75)]:http-nio-8094-exec-8: 最后一名用户离开，关闭。
2022-01-06 16:38:52.029 [http-nio-8094-exec-8][INFO ][com.xiaoju.framework.handler.CaseRoom.internalRemovePlayer(CaseRoom.java:86)]:http-nio-8094-exec-8: 用例保存完成。
2022-01-06 16:38:52.144 [http-nio-8094-exec-9][INFO ][com.xiaoju.framework.service.impl.CaseServiceImpl.wsSave(CaseServiceImpl.java:257)]:http-nio-8094-exec-9: http开始保存用例。
2022-01-06 16:38:52.285 [http-nio-8094-exec-9][INFO ][com.xiaoju.framework.service.impl.CaseServiceImpl.wsSave(CaseServiceImpl.java:339)]:websocket实例已经退出或未编辑,无需发送消息.
2022-01-06 16:38:52.318 [http-nio-8094-exec-9][INFO ][com.xiaoju.framework.service.impl.CaseBackupServiceImpl.insertBackup(CaseBackupServiceImpl.java:44)]:http-nio-8094-exec-9: 备份保存当前用例。
2022-01-06 16:38:52.420 [http-nio-8094-exec-9][INFO ][com.xiaoju.framework.service.impl.CaseBackupServiceImpl.insertBackup(CaseBackupServiceImpl.java:73)]:备份保存当前用例。caseid:2207
2022-01-06 16:38:52.427 [http-nio-8094-exec-9][INFO ][com.xiaoju.framework.service.impl.CaseServiceImpl.wsSave(CaseServiceImpl.java:360)]:http-nio-8094-exec-9: http开始保存结束。
2022-01-06 16:51:48.414 [Thread-11][INFO ][org.springframework.scheduling.concurrent.ExecutorConfigurationSupport.shutdown(ExecutorConfigurationSupport.java:208)]:Shutting down ExecutorService 'applicationTaskExecutor'
2022-01-06 16:51:48.416 [Thread-11][INFO ][com.alibaba.druid.pool.DruidDataSource.close(DruidDataSource.java:1885)]:{dataSource-1} closing ...
2022-01-06 16:51:48.427 [Thread-11][INFO ][com.alibaba.druid.pool.DruidDataSource.close(DruidDataSource.java:1955)]:{dataSource-1} closed
2022-01-06 16:51:48.451 [Thread-11][INFO ][com.xiaoju.framework.listener.IocCloseListener.contextDestroyed(IocCloseListener.java:33)]:[监听到容器关闭..]com.xiaoju.framework.listener.IocCloseListener
2022-01-06 16:52:53.346 [restartedMain][INFO ][org.springframework.boot.StartupInfoLogger.logStarting(StartupInfoLogger.java:50)]:Starting CaseServerApplication on catty-2.local with PID 28725 (/Users/catty/Documents/Workspace/IDEAWorkspace/AgileTC/case-server/target/classes started by fordeal in /Users/catty/Documents/Workspace/IDEAWorkspace/AgileTC)
2022-01-06 16:52:53.351 [restartedMain][INFO ][org.springframework.boot.SpringApplication.logStartupProfileInfo(SpringApplication.java:652)]:The following profiles are active: dev
2022-01-06 16:52:53.441 [restartedMain][INFO ][org.springframework.boot.logging.DeferredLog.logTo(DeferredLog.java:225)]:For additional web related logging consider setting the 'logging.level.web' property to 'DEBUG'
2022-01-06 16:52:57.283 [restartedMain][INFO ][org.springframework.context.support.PostProcessorRegistrationDelegate$BeanPostProcessorChecker.postProcessAfterInitialization(PostProcessorRegistrationDelegate.java:330)]:Bean 'org.springframework.ws.config.annotation.DelegatingWsConfiguration' of type [org.springframework.ws.config.annotation.DelegatingWsConfiguration$$EnhancerBySpringCGLIB$$c3f3ed2e] is not eligible for getting processed by all BeanPostProcessors (for example: not eligible for auto-proxying)
2022-01-06 16:52:57.328 [restartedMain][INFO ][org.springframework.ws.soap.addressing.server.AbstractAddressingEndpointMapping.afterPropertiesSet(AbstractAddressingEndpointMapping.java:236)]:Supporting [WS-Addressing August 2004, WS-Addressing 1.0]
2022-01-06 16:52:57.348 [restartedMain][INFO ][org.springframework.context.support.PostProcessorRegistrationDelegate$BeanPostProcessorChecker.postProcessAfterInitialization(PostProcessorRegistrationDelegate.java:330)]:Bean 'org.springframework.transaction.annotation.ProxyTransactionManagementConfiguration' of type [org.springframework.transaction.annotation.ProxyTransactionManagementConfiguration$$EnhancerBySpringCGLIB$$1f5c282f] is not eligible for getting processed by all BeanPostProcessors (for example: not eligible for auto-proxying)
2022-01-06 16:52:57.542 [restartedMain][INFO ][com.alibaba.druid.spring.boot.autoconfigure.DruidDataSourceAutoConfigure.dataSource(DruidDataSourceAutoConfigure.java:56)]:Init DruidDataSource
2022-01-06 16:52:58.149 [restartedMain][INFO ][com.alibaba.druid.pool.DruidDataSource.init(DruidDataSource.java:1002)]:{dataSource-1} inited
2022-01-06 16:52:58.951 [restartedMain][INFO ][org.springframework.boot.web.embedded.tomcat.TomcatWebServer.initialize(TomcatWebServer.java:90)]:Tomcat initialized with port(s): 8443 (http) 8094 (http)
2022-01-06 16:52:58.981 [restartedMain][INFO ][org.apache.juli.logging.DirectJDKLog.log(DirectJDKLog.java:173)]:Initializing ProtocolHandler ["http-nio-8443"]
2022-01-06 16:52:58.996 [restartedMain][INFO ][org.apache.juli.logging.DirectJDKLog.log(DirectJDKLog.java:173)]:Initializing ProtocolHandler ["http-nio-8094"]
2022-01-06 16:52:59.029 [restartedMain][INFO ][org.apache.juli.logging.DirectJDKLog.log(DirectJDKLog.java:173)]:Starting service [Tomcat]
2022-01-06 16:52:59.029 [restartedMain][INFO ][org.apache.juli.logging.DirectJDKLog.log(DirectJDKLog.java:173)]:Starting Servlet engine: [Apache Tomcat/9.0.24]
2022-01-06 16:52:59.199 [restartedMain][INFO ][org.apache.juli.logging.DirectJDKLog.log(DirectJDKLog.java:173)]:Initializing Spring embedded WebApplicationContext
2022-01-06 16:52:59.199 [restartedMain][INFO ][org.springframework.boot.web.servlet.context.ServletWebServerApplicationContext.prepareWebApplicationContext(ServletWebServerApplicationContext.java:284)]:Root WebApplicationContext: initialization completed in 5758 ms
2022-01-06 16:52:59.348 [restartedMain][INFO ][com.xiaoju.framework.listener.IocCloseListener.contextInitialized(IocCloseListener.java:28)]:[监听器注册成功..]com.xiaoju.framework.listener.IocCloseListener
2022-01-06 16:53:00.008 [restartedMain][INFO ][springfox.documentation.spring.web.PropertySourcedRequestMappingHandlerMapping.initHandlerMethods(PropertySourcedRequestMappingHandlerMapping.java:69)]:Mapped URL path [/v2/api-docs] onto method [public org.springframework.http.ResponseEntity<springfox.documentation.spring.web.json.Json> springfox.documentation.swagger2.web.Swagger2Controller.getDocumentation(java.lang.String,javax.servlet.http.HttpServletRequest)]
2022-01-06 16:53:00.193 [restartedMain][INFO ][org.springframework.scheduling.concurrent.ExecutorConfigurationSupport.initialize(ExecutorConfigurationSupport.java:171)]:Initializing ExecutorService 'applicationTaskExecutor'
2022-01-06 16:53:00.237 [restartedMain][INFO ][org.springframework.boot.devtools.autoconfigure.OptionalLiveReloadServer.startServer(OptionalLiveReloadServer.java:57)]:LiveReload server is running on port 35729
2022-01-06 16:53:00.291 [restartedMain][INFO ][org.springframework.boot.autoconfigure.web.servlet.WelcomePageHandlerMapping.<init>(WelcomePageHandlerMapping.java:54)]:Adding welcome page: class path resource [web/dist/index.html]
2022-01-06 16:53:00.366 [restartedMain][WARN ][org.thymeleaf.templatemode.TemplateMode.parse(TemplateMode.java:150)]:[THYMELEAF][restartedMain] Template Mode 'LEGACYHTML5' is deprecated. Using Template Mode 'HTML' instead.
2022-01-06 16:53:00.674 [restartedMain][INFO ][springfox.documentation.spring.web.plugins.DocumentationPluginsBootstrapper.start(DocumentationPluginsBootstrapper.java:160)]:Context refreshed
2022-01-06 16:53:00.708 [restartedMain][INFO ][springfox.documentation.spring.web.plugins.DocumentationPluginsBootstrapper.start(DocumentationPluginsBootstrapper.java:163)]:Found 1 custom documentation plugin(s)
2022-01-06 16:53:00.747 [restartedMain][INFO ][springfox.documentation.spring.web.scanners.ApiListingReferenceScanner.scan(ApiListingReferenceScanner.java:41)]:Scanning for api listing references
2022-01-06 16:53:01.425 [restartedMain][INFO ][springfox.documentation.spring.web.readers.operation.CachingOperationNameGenerator.startingWith(CachingOperationNameGenerator.java:40)]:Generating unique operation named: loginUsingPOST_1
2022-01-06 16:53:01.476 [restartedMain][INFO ][org.apache.juli.logging.DirectJDKLog.log(DirectJDKLog.java:173)]:Starting ProtocolHandler ["http-nio-8443"]
2022-01-06 16:53:01.486 [restartedMain][INFO ][org.apache.juli.logging.DirectJDKLog.log(DirectJDKLog.java:173)]:Starting ProtocolHandler ["http-nio-8094"]
2022-01-06 16:53:01.494 [restartedMain][INFO ][org.springframework.boot.web.embedded.tomcat.TomcatWebServer.start(TomcatWebServer.java:202)]:Tomcat started on port(s): 8443 (http) 8094 (http) with context path ''
2022-01-06 16:53:01.499 [restartedMain][INFO ][org.springframework.boot.StartupInfoLogger.logStarted(StartupInfoLogger.java:59)]:Started CaseServerApplication in 33.54 seconds (JVM running for 45.006)
2022-01-06 16:53:32.169 [http-nio-8094-exec-1][INFO ][org.apache.juli.logging.DirectJDKLog.log(DirectJDKLog.java:173)]:Initializing Spring DispatcherServlet 'dispatcherServlet'
2022-01-06 16:53:32.169 [http-nio-8094-exec-1][INFO ][org.springframework.web.servlet.FrameworkServlet.initServletBean(FrameworkServlet.java:524)]:Initializing Servlet 'dispatcherServlet'
2022-01-06 16:53:32.193 [http-nio-8094-exec-1][INFO ][org.springframework.web.servlet.FrameworkServlet.initServletBean(FrameworkServlet.java:546)]:Completed initialization in 23 ms
2022-01-06 16:57:14.849 [Thread-11][INFO ][org.springframework.scheduling.concurrent.ExecutorConfigurationSupport.shutdown(ExecutorConfigurationSupport.java:208)]:Shutting down ExecutorService 'applicationTaskExecutor'
2022-01-06 16:57:14.853 [Thread-11][INFO ][com.alibaba.druid.pool.DruidDataSource.close(DruidDataSource.java:1885)]:{dataSource-1} closing ...
2022-01-06 16:57:14.871 [Thread-11][INFO ][com.alibaba.druid.pool.DruidDataSource.close(DruidDataSource.java:1955)]:{dataSource-1} closed
2022-01-06 16:57:14.885 [Thread-11][INFO ][com.xiaoju.framework.listener.IocCloseListener.contextDestroyed(IocCloseListener.java:33)]:[监听到容器关闭..]com.xiaoju.framework.listener.IocCloseListener
2022-01-06 16:57:55.803 [restartedMain][INFO ][org.springframework.boot.StartupInfoLogger.logStarting(StartupInfoLogger.java:50)]:Starting CaseServerApplication on catty-2.local with PID 28801 (/Users/catty/Documents/Workspace/IDEAWorkspace/AgileTC/case-server/target/classes started by fordeal in /Users/catty/Documents/Workspace/IDEAWorkspace/AgileTC)
2022-01-06 16:57:55.809 [restartedMain][INFO ][org.springframework.boot.SpringApplication.logStartupProfileInfo(SpringApplication.java:652)]:The following profiles are active: dev
2022-01-06 16:57:55.872 [restartedMain][INFO ][org.springframework.boot.logging.DeferredLog.logTo(DeferredLog.java:225)]:For additional web related logging consider setting the 'logging.level.web' property to 'DEBUG'
2022-01-06 16:57:58.113 [restartedMain][INFO ][org.springframework.context.support.PostProcessorRegistrationDelegate$BeanPostProcessorChecker.postProcessAfterInitialization(PostProcessorRegistrationDelegate.java:330)]:Bean 'org.springframework.ws.config.annotation.DelegatingWsConfiguration' of type [org.springframework.ws.config.annotation.DelegatingWsConfiguration$$EnhancerBySpringCGLIB$$482d270e] is not eligible for getting processed by all BeanPostProcessors (for example: not eligible for auto-proxying)
2022-01-06 16:57:58.147 [restartedMain][INFO ][org.springframework.ws.soap.addressing.server.AbstractAddressingEndpointMapping.afterPropertiesSet(AbstractAddressingEndpointMapping.java:236)]:Supporting [WS-Addressing August 2004, WS-Addressing 1.0]
2022-01-06 16:57:58.172 [restartedMain][INFO ][org.springframework.context.support.PostProcessorRegistrationDelegate$BeanPostProcessorChecker.postProcessAfterInitialization(PostProcessorRegistrationDelegate.java:330)]:Bean 'org.springframework.transaction.annotation.ProxyTransactionManagementConfiguration' of type [org.springframework.transaction.annotation.ProxyTransactionManagementConfiguration$$EnhancerBySpringCGLIB$$a395620f] is not eligible for getting processed by all BeanPostProcessors (for example: not eligible for auto-proxying)
2022-01-06 16:57:58.360 [restartedMain][INFO ][com.alibaba.druid.spring.boot.autoconfigure.DruidDataSourceAutoConfigure.dataSource(DruidDataSourceAutoConfigure.java:56)]:Init DruidDataSource
2022-01-06 16:57:59.368 [restartedMain][INFO ][com.alibaba.druid.pool.DruidDataSource.init(DruidDataSource.java:1002)]:{dataSource-1} inited
2022-01-06 16:58:00.817 [restartedMain][INFO ][org.springframework.boot.web.embedded.tomcat.TomcatWebServer.initialize(TomcatWebServer.java:90)]:Tomcat initialized with port(s): 8443 (http) 8094 (http)
2022-01-06 16:58:00.837 [restartedMain][INFO ][org.apache.juli.logging.DirectJDKLog.log(DirectJDKLog.java:173)]:Initializing ProtocolHandler ["http-nio-8443"]
2022-01-06 16:58:00.852 [restartedMain][INFO ][org.apache.juli.logging.DirectJDKLog.log(DirectJDKLog.java:173)]:Initializing ProtocolHandler ["http-nio-8094"]
2022-01-06 16:58:00.881 [restartedMain][INFO ][org.apache.juli.logging.DirectJDKLog.log(DirectJDKLog.java:173)]:Starting service [Tomcat]
2022-01-06 16:58:00.882 [restartedMain][INFO ][org.apache.juli.logging.DirectJDKLog.log(DirectJDKLog.java:173)]:Starting Servlet engine: [Apache Tomcat/9.0.24]
2022-01-06 16:58:01.046 [restartedMain][INFO ][org.apache.juli.logging.DirectJDKLog.log(DirectJDKLog.java:173)]:Initializing Spring embedded WebApplicationContext
2022-01-06 16:58:01.046 [restartedMain][INFO ][org.springframework.boot.web.servlet.context.ServletWebServerApplicationContext.prepareWebApplicationContext(ServletWebServerApplicationContext.java:284)]:Root WebApplicationContext: initialization completed in 5174 ms
2022-01-06 16:58:01.197 [restartedMain][INFO ][com.xiaoju.framework.listener.IocCloseListener.contextInitialized(IocCloseListener.java:28)]:[监听器注册成功..]com.xiaoju.framework.listener.IocCloseListener
2022-01-06 16:58:02.427 [restartedMain][INFO ][springfox.documentation.spring.web.PropertySourcedRequestMappingHandlerMapping.initHandlerMethods(PropertySourcedRequestMappingHandlerMapping.java:69)]:Mapped URL path [/v2/api-docs] onto method [public org.springframework.http.ResponseEntity<springfox.documentation.spring.web.json.Json> springfox.documentation.swagger2.web.Swagger2Controller.getDocumentation(java.lang.String,javax.servlet.http.HttpServletRequest)]
2022-01-06 16:58:02.664 [restartedMain][INFO ][org.springframework.scheduling.concurrent.ExecutorConfigurationSupport.initialize(ExecutorConfigurationSupport.java:171)]:Initializing ExecutorService 'applicationTaskExecutor'
2022-01-06 16:58:02.699 [restartedMain][INFO ][org.springframework.boot.devtools.autoconfigure.OptionalLiveReloadServer.startServer(OptionalLiveReloadServer.java:57)]:LiveReload server is running on port 35729
2022-01-06 16:58:02.749 [restartedMain][INFO ][org.springframework.boot.autoconfigure.web.servlet.WelcomePageHandlerMapping.<init>(WelcomePageHandlerMapping.java:54)]:Adding welcome page: class path resource [web/dist/index.html]
2022-01-06 16:58:02.843 [restartedMain][WARN ][org.thymeleaf.templatemode.TemplateMode.parse(TemplateMode.java:150)]:[THYMELEAF][restartedMain] Template Mode 'LEGACYHTML5' is deprecated. Using Template Mode 'HTML' instead.
2022-01-06 16:58:03.181 [restartedMain][INFO ][springfox.documentation.spring.web.plugins.DocumentationPluginsBootstrapper.start(DocumentationPluginsBootstrapper.java:160)]:Context refreshed
2022-01-06 16:58:03.210 [restartedMain][INFO ][springfox.documentation.spring.web.plugins.DocumentationPluginsBootstrapper.start(DocumentationPluginsBootstrapper.java:163)]:Found 1 custom documentation plugin(s)
2022-01-06 16:58:03.268 [restartedMain][INFO ][springfox.documentation.spring.web.scanners.ApiListingReferenceScanner.scan(ApiListingReferenceScanner.java:41)]:Scanning for api listing references
2022-01-06 16:58:04.065 [restartedMain][INFO ][springfox.documentation.spring.web.readers.operation.CachingOperationNameGenerator.startingWith(CachingOperationNameGenerator.java:40)]:Generating unique operation named: loginUsingPOST_1
2022-01-06 16:58:04.116 [restartedMain][INFO ][org.apache.juli.logging.DirectJDKLog.log(DirectJDKLog.java:173)]:Starting ProtocolHandler ["http-nio-8443"]
2022-01-06 16:58:04.125 [restartedMain][INFO ][org.apache.juli.logging.DirectJDKLog.log(DirectJDKLog.java:173)]:Starting ProtocolHandler ["http-nio-8094"]
2022-01-06 16:58:04.133 [restartedMain][INFO ][org.springframework.boot.web.embedded.tomcat.TomcatWebServer.start(TomcatWebServer.java:202)]:Tomcat started on port(s): 8443 (http) 8094 (http) with context path ''
2022-01-06 16:58:04.140 [restartedMain][INFO ][org.springframework.boot.StartupInfoLogger.logStarted(StartupInfoLogger.java:59)]:Started CaseServerApplication in 33.905 seconds (JVM running for 45.884)
2022-01-06 16:58:04.204 [http-nio-8094-exec-1][INFO ][org.apache.juli.logging.DirectJDKLog.log(DirectJDKLog.java:173)]:Initializing Spring DispatcherServlet 'dispatcherServlet'
2022-01-06 16:58:04.204 [http-nio-8094-exec-1][INFO ][org.springframework.web.servlet.FrameworkServlet.initServletBean(FrameworkServlet.java:524)]:Initializing Servlet 'dispatcherServlet'
2022-01-06 16:58:04.216 [http-nio-8094-exec-1][INFO ][org.springframework.web.servlet.FrameworkServlet.initServletBean(FrameworkServlet.java:546)]:Completed initialization in 12 ms
2022-01-06 17:00:09.784 [Thread-11][INFO ][org.springframework.scheduling.concurrent.ExecutorConfigurationSupport.shutdown(ExecutorConfigurationSupport.java:208)]:Shutting down ExecutorService 'applicationTaskExecutor'
2022-01-06 17:00:09.787 [Thread-11][INFO ][com.alibaba.druid.pool.DruidDataSource.close(DruidDataSource.java:1885)]:{dataSource-1} closing ...
2022-01-06 17:00:09.802 [Thread-11][INFO ][com.alibaba.druid.pool.DruidDataSource.close(DruidDataSource.java:1955)]:{dataSource-1} closed
2022-01-06 17:00:09.822 [Thread-11][INFO ][com.xiaoju.framework.listener.IocCloseListener.contextDestroyed(IocCloseListener.java:33)]:[监听到容器关闭..]com.xiaoju.framework.listener.IocCloseListener
